<?xml version="1.0" encoding="UTF-8"?>
<!-- Generated by org.testng.reporters.JUnitReportReporter -->
<testsuite hostname="LAPTOP-O680H5P2" name="com.qa.hubspot.tests.LoginPageTest" tests="3" failures="0" timestamp="13 Jun 2019 19:27:12 GMT" time="38.019" errors="0">
  <testcase name="verifyLoginPageTitleTest" time="11.292" classname="com.qa.hubspot.tests.LoginPageTest"/>
  <testcase name="verifySignUpLinkTest" time="14.328" classname="com.qa.hubspot.tests.LoginPageTest"/>
  <testcase name="hubSpotLoginTest" time="12.399" classname="com.qa.hubspot.tests.LoginPageTest"/>
</testsuite> <!-- com.qa.hubspot.tests.LoginPageTest -->
