<?xml version="1.0" encoding="UTF-8"?>
<!-- Generated by org.testng.reporters.JUnitReportReporter -->
<testsuite hostname="LAPTOP-O680H5P2" name="com.qa.hubspot.tests.ContactsPageTest" tests="4" failures="0" timestamp="19 Jun 2019 21:31:29 GMT" time="164.256" errors="0">
  <testcase name="createNewContactsTest" time="42.611" classname="com.qa.hubspot.tests.ContactsPageTest"/>
  <testcase name="createNewContactsTest" time="40.287" classname="com.qa.hubspot.tests.ContactsPageTest"/>
  <testcase name="createNewContactsTest" time="40.583" classname="com.qa.hubspot.tests.ContactsPageTest"/>
  <testcase name="createNewContactsTest" time="40.775" classname="com.qa.hubspot.tests.ContactsPageTest"/>
</testsuite> <!-- com.qa.hubspot.tests.ContactsPageTest -->
