<?xml version="1.0" encoding="UTF-8"?>
<!-- Generated by org.testng.reporters.JUnitReportReporter -->
<testsuite hostname="LAPTOP-O680H5P2" name="com.qa.hubspot.test.LoginPageTest" tests="1" failures="0" timestamp="22 Jun 2019 20:38:27 GMT" time="14.833" errors="0">
  <testcase name="verifyLoginPageTitleTest" time="14.833" classname="com.qa.hubspot.test.LoginPageTest"/>
</testsuite> <!-- com.qa.hubspot.test.LoginPageTest -->
